15-May-24 11:32:39 - Starting compute_power_permutation with params: ('strong', '100+', 5)
15-May-24 11:32:40 - Starting compute_power_permutation with params: ('strong', '100+', 15)
15-May-24 11:32:40 - Starting compute_power_permutation with params: ('strong', '100+', 46)
15-May-24 11:32:41 - Starting compute_power_permutation with params: ('strong', '100+', 142)
15-May-24 11:32:41 - Starting compute_power_permutation with params: ('strong', '100+', 432)
15-May-24 11:32:41 - Starting compute_power_permutation with params: ('strong', '100+', 1315)
15-May-24 11:32:41 - Starting compute_power_permutation with params: ('strong', '100+', 4009)
15-May-24 11:32:41 - Starting compute_power_permutation with params: ('strong', '0-10', 5)
15-May-24 11:32:41 - Starting compute_power_permutation with params: ('strong', '0-10', 15)
15-May-24 11:32:41 - Starting compute_power_permutation with params: ('strong', '0-10', 46)
15-May-24 11:32:42 - Starting compute_power_permutation with params: ('strong', '0-10', 142)
15-May-24 11:32:42 - Starting compute_power_permutation with params: ('strong', '0-10', 432)
15-May-24 11:32:42 - Starting compute_power_permutation with params: ('strong', '0-10', 1315)
15-May-24 11:32:42 - Starting compute_power_permutation with params: ('strong', '0-10', 4009)
15-May-24 11:32:42 - Starting compute_power_permutation with params: ('strong', '0-10', 7000)
15-May-24 11:32:42 - Starting compute_power_permutation with params: ('strong', '10-30', 5)
15-May-24 11:32:42 - Starting compute_power_permutation with params: ('strong', '10-30', 15)
15-May-24 11:32:42 - Starting compute_power_permutation with params: ('strong', '10-30', 46)
15-May-24 11:32:42 - Starting compute_power_permutation with params: ('strong', '10-30', 142)
15-May-24 11:32:42 - Starting compute_power_permutation with params: ('strong', '10-30', 432)
15-May-24 11:32:42 - Starting compute_power_permutation with params: ('strong', '10-30', 1315)
15-May-24 11:32:43 - Starting compute_power_permutation with params: ('strong', '10-30', 4009)
15-May-24 11:32:43 - Starting compute_power_permutation with params: ('strong', '30-60', 5)
15-May-24 11:32:43 - Starting compute_power_permutation with params: ('strong', '30-60', 15)
15-May-24 11:32:43 - Starting compute_power_permutation with params: ('strong', '30-60', 46)
15-May-24 11:32:43 - Starting compute_power_permutation with params: ('strong', '30-60', 142)
15-May-24 11:32:43 - Starting compute_power_permutation with params: ('strong', '30-60', 432)
15-May-24 11:32:43 - Starting compute_power_permutation with params: ('strong', '30-60', 1315)
15-May-24 11:32:43 - Starting compute_power_permutation with params: ('strong', '30-60', 4009)
15-May-24 11:32:43 - Starting compute_power_permutation with params: ('strong', '70-100', 5)
15-May-24 11:32:44 - Starting compute_power_permutation with params: ('strong', '70-100', 15)
15-May-24 11:32:44 - Starting compute_power_permutation with params: ('strong', '70-100', 46)
15-May-24 11:32:44 - Starting compute_power_permutation with params: ('strong', '70-100', 142)
15-May-24 11:32:44 - Starting compute_power_permutation with params: ('strong', '70-100', 432)
15-May-24 11:32:44 - Starting compute_power_permutation with params: ('strong', '70-100', 1315)
15-May-24 11:32:44 - Starting compute_power_permutation with params: ('strong', '70-100', 4009)
15-May-24 11:32:44 - Starting compute_power_permutation with params: ('intermediate', '100+', 5)
15-May-24 11:32:44 - Starting compute_power_permutation with params: ('intermediate', '100+', 15)
15-May-24 11:32:44 - Starting compute_power_permutation with params: ('intermediate', '100+', 46)
15-May-24 11:32:45 - Starting compute_power_permutation with params: ('intermediate', '100+', 142)
15-May-24 11:32:45 - Starting compute_power_permutation with params: ('intermediate', '100+', 432)
15-May-24 11:32:45 - Starting compute_power_permutation with params: ('intermediate', '100+', 1315)
15-May-24 11:32:45 - Starting compute_power_permutation with params: ('intermediate', '100+', 4009)
15-May-24 11:32:45 - Starting compute_power_permutation with params: ('intermediate', '0-10', 5)
15-May-24 11:32:45 - Starting compute_power_permutation with params: ('intermediate', '0-10', 15)
15-May-24 11:32:45 - Starting compute_power_permutation with params: ('intermediate', '0-10', 46)
15-May-24 11:32:45 - Starting compute_power_permutation with params: ('intermediate', '0-10', 142)
15-May-24 11:32:46 - Starting compute_power_permutation with params: ('intermediate', '0-10', 432)
15-May-24 11:32:46 - Starting compute_power_permutation with params: ('intermediate', '0-10', 1315)
15-May-24 11:32:46 - Starting compute_power_permutation with params: ('intermediate', '0-10', 4009)
15-May-24 11:32:46 - Starting compute_power_permutation with params: ('intermediate', '0-10', 7000)
15-May-24 11:32:46 - Starting compute_power_permutation with params: ('intermediate', '10-30', 5)
15-May-24 11:32:46 - Starting compute_power_permutation with params: ('intermediate', '10-30', 15)
15-May-24 11:32:47 - Starting compute_power_permutation with params: ('intermediate', '10-30', 46)
15-May-24 11:37:01 - Finished compute_power_permutation with params: ('strong', '0-10', 5)
15-May-24 11:37:01 - Starting compute_power_permutation with params: ('strong', '0-10', 9)
15-May-24 11:37:08 - Finished compute_power_permutation with params: ('intermediate', '0-10', 5)
15-May-24 11:37:08 - Starting compute_power_permutation with params: ('intermediate', '0-10', 9)
15-May-24 11:37:23 - Finished compute_power_permutation with params: ('strong', '10-30', 5)
15-May-24 11:37:23 - Starting compute_power_permutation with params: ('strong', '10-30', 9)
15-May-24 11:37:28 - Finished compute_power_permutation with params: ('strong', '30-60', 5)
15-May-24 11:37:28 - Starting compute_power_permutation with params: ('strong', '30-60', 9)
15-May-24 11:37:35 - Finished compute_power_permutation with params: ('intermediate', '10-30', 5)
15-May-24 11:37:35 - Starting compute_power_permutation with params: ('intermediate', '10-30', 9)
15-May-24 11:37:44 - Finished compute_power_permutation with params: ('strong', '70-100', 5)
15-May-24 11:37:44 - Starting compute_power_permutation with params: ('strong', '70-100', 9)
15-May-24 11:37:56 - Finished compute_power_permutation with params: ('strong', '100+', 5)
15-May-24 11:37:56 - Starting compute_power_permutation with params: ('strong', '100+', 9)
15-May-24 11:38:03 - Finished compute_power_permutation with params: ('intermediate', '100+', 5)
15-May-24 11:38:03 - Starting compute_power_permutation with params: ('intermediate', '100+', 9)
15-May-24 11:45:08 - Finished compute_power_permutation with params: ('strong', '70-100', 15)
15-May-24 11:45:08 - Starting compute_power_permutation with params: ('strong', '70-100', 27)
15-May-24 11:45:08 - Finished compute_power_permutation with params: ('strong', '0-10', 15)
15-May-24 11:45:08 - Starting compute_power_permutation with params: ('strong', '0-10', 27)
15-May-24 11:45:26 - Finished compute_power_permutation with params: ('intermediate', '0-10', 15)
15-May-24 11:45:26 - Starting compute_power_permutation with params: ('intermediate', '0-10', 27)
15-May-24 11:45:35 - Finished compute_power_permutation with params: ('intermediate', '10-30', 15)
15-May-24 11:45:35 - Starting compute_power_permutation with params: ('intermediate', '10-30', 27)
15-May-24 11:45:40 - Finished compute_power_permutation with params: ('strong', '30-60', 15)
15-May-24 11:45:40 - Starting compute_power_permutation with params: ('strong', '30-60', 27)
15-May-24 11:45:52 - Finished compute_power_permutation with params: ('strong', '10-30', 15)
15-May-24 11:45:52 - Starting compute_power_permutation with params: ('strong', '10-30', 27)
15-May-24 11:46:08 - Finished compute_power_permutation with params: ('strong', '100+', 15)
15-May-24 11:46:08 - Starting compute_power_permutation with params: ('strong', '100+', 27)
15-May-24 11:47:10 - Finished compute_power_permutation with params: ('intermediate', '100+', 15)
15-May-24 11:47:10 - Starting compute_power_permutation with params: ('intermediate', '100+', 27)
15-May-24 11:48:42 - Finished compute_power_permutation with params: ('strong', '0-10', 9)
15-May-24 11:48:42 - Starting compute_power_permutation with params: ('intermediate', '10-30', 142)
15-May-24 11:48:56 - Finished compute_power_permutation with params: ('intermediate', '0-10', 9)
15-May-24 11:48:56 - Starting compute_power_permutation with params: ('intermediate', '10-30', 432)
15-May-24 11:49:14 - Finished compute_power_permutation with params: ('strong', '10-30', 9)
15-May-24 11:49:14 - Starting compute_power_permutation with params: ('intermediate', '10-30', 1315)
15-May-24 11:49:15 - Starting compute_power_permutation with params: ('intermediate', '10-30', 4009)
15-May-24 11:49:15 - Starting compute_power_permutation with params: ('intermediate', '30-60', 5)
15-May-24 11:49:36 - Finished compute_power_permutation with params: ('strong', '30-60', 9)
15-May-24 11:49:36 - Starting compute_power_permutation with params: ('intermediate', '30-60', 15)
15-May-24 11:49:45 - Finished compute_power_permutation with params: ('intermediate', '10-30', 9)
15-May-24 11:49:45 - Starting compute_power_permutation with params: ('intermediate', '30-60', 46)
15-May-24 11:50:14 - Finished compute_power_permutation with params: ('strong', '70-100', 9)
15-May-24 11:50:14 - Starting compute_power_permutation with params: ('intermediate', '30-60', 142)
15-May-24 11:50:14 - Finished compute_power_permutation with params: ('intermediate', '100+', 9)
15-May-24 11:50:14 - Starting compute_power_permutation with params: ('intermediate', '30-60', 432)
15-May-24 11:50:35 - Finished compute_power_permutation with params: ('strong', '100+', 9)
15-May-24 11:50:35 - Starting compute_power_permutation with params: ('intermediate', '30-60', 1315)
15-May-24 11:50:35 - Starting compute_power_permutation with params: ('intermediate', '30-60', 4009)
15-May-24 11:50:36 - Starting compute_power_permutation with params: ('intermediate', '70-100', 5)
15-May-24 11:50:36 - Starting compute_power_permutation with params: ('intermediate', '70-100', 15)
15-May-24 11:51:18 - Finished compute_power_permutation with params: ('intermediate', '10-30', 46)
15-May-24 11:51:18 - Starting compute_power_permutation with params: ('intermediate', '10-30', 81)
15-May-24 11:51:57 - Finished compute_power_permutation with params: ('strong', '30-60', 46)
15-May-24 11:51:57 - Starting compute_power_permutation with params: ('strong', '30-60', 81)
15-May-24 11:52:04 - Finished compute_power_permutation with params: ('intermediate', '0-10', 46)
15-May-24 11:52:04 - Starting compute_power_permutation with params: ('intermediate', '0-10', 81)
15-May-24 11:52:05 - Finished compute_power_permutation with params: ('strong', '0-10', 46)
15-May-24 11:52:05 - Starting compute_power_permutation with params: ('strong', '0-10', 81)
15-May-24 11:52:10 - Finished compute_power_permutation with params: ('strong', '100+', 46)
15-May-24 11:52:10 - Starting compute_power_permutation with params: ('strong', '100+', 81)
15-May-24 11:52:11 - Finished compute_power_permutation with params: ('strong', '10-30', 46)
15-May-24 11:52:11 - Starting compute_power_permutation with params: ('strong', '10-30', 81)
15-May-24 11:52:13 - Finished compute_power_permutation with params: ('strong', '70-100', 46)
15-May-24 11:52:13 - Starting compute_power_permutation with params: ('strong', '70-100', 81)
15-May-24 11:52:27 - Finished compute_power_permutation with params: ('intermediate', '100+', 46)
15-May-24 11:52:27 - Starting compute_power_permutation with params: ('intermediate', '100+', 81)
15-May-24 11:53:50 - Finished compute_power_permutation with params: ('intermediate', '30-60', 5)
15-May-24 11:53:50 - Starting compute_power_permutation with params: ('intermediate', '30-60', 9)
15-May-24 11:55:10 - Finished compute_power_permutation with params: ('intermediate', '70-100', 5)
15-May-24 11:55:10 - Starting compute_power_permutation with params: ('intermediate', '70-100', 9)
15-May-24 11:59:30 - Finished compute_power_permutation with params: ('intermediate', '10-30', 27)
15-May-24 11:59:30 - Starting compute_power_permutation with params: ('intermediate', '70-100', 46)
15-May-24 11:59:44 - Finished compute_power_permutation with params: ('intermediate', '0-10', 27)
15-May-24 11:59:44 - Starting compute_power_permutation with params: ('intermediate', '70-100', 142)
15-May-24 11:59:54 - Finished compute_power_permutation with params: ('strong', '30-60', 27)
15-May-24 11:59:54 - Starting compute_power_permutation with params: ('intermediate', '70-100', 432)
15-May-24 11:59:55 - Finished compute_power_permutation with params: ('strong', '70-100', 27)
15-May-24 11:59:55 - Starting compute_power_permutation with params: ('intermediate', '70-100', 1315)
15-May-24 11:59:55 - Starting compute_power_permutation with params: ('intermediate', '70-100', 4009)
15-May-24 11:59:56 - Starting compute_power_permutation with params: ('low', '100+', 5)
15-May-24 12:00:11 - Finished compute_power_permutation with params: ('strong', '10-30', 27)
15-May-24 12:00:11 - Starting compute_power_permutation with params: ('low', '100+', 15)
15-May-24 12:00:11 - Finished compute_power_permutation with params: ('strong', '0-10', 27)
15-May-24 12:00:11 - Starting compute_power_permutation with params: ('low', '100+', 46)
15-May-24 12:01:29 - Finished compute_power_permutation with params: ('strong', '100+', 27)
15-May-24 12:01:29 - Starting compute_power_permutation with params: ('low', '100+', 142)
15-May-24 12:02:07 - Finished compute_power_permutation with params: ('intermediate', '100+', 27)
15-May-24 12:02:07 - Starting compute_power_permutation with params: ('low', '100+', 432)
15-May-24 12:03:04 - Finished compute_power_permutation with params: ('intermediate', '30-60', 15)
15-May-24 12:03:04 - Starting compute_power_permutation with params: ('intermediate', '30-60', 27)
15-May-24 12:03:22 - Finished compute_power_permutation with params: ('intermediate', '70-100', 15)
15-May-24 12:03:22 - Starting compute_power_permutation with params: ('intermediate', '70-100', 27)
15-May-24 12:05:02 - Finished compute_power_permutation with params: ('low', '100+', 5)
15-May-24 12:05:02 - Starting compute_power_permutation with params: ('low', '100+', 9)
15-May-24 12:05:41 - Finished compute_power_permutation with params: ('intermediate', '30-60', 9)
15-May-24 12:05:41 - Starting compute_power_permutation with params: ('low', '100+', 1315)
15-May-24 12:05:42 - Starting compute_power_permutation with params: ('low', '100+', 4009)
15-May-24 12:05:42 - Starting compute_power_permutation with params: ('low', '0-10', 5)
15-May-24 12:07:33 - Finished compute_power_permutation with params: ('intermediate', '70-100', 9)
15-May-24 12:07:33 - Starting compute_power_permutation with params: ('low', '0-10', 15)
15-May-24 12:08:56 - Finished compute_power_permutation with params: ('intermediate', '30-60', 46)
15-May-24 12:08:56 - Starting compute_power_permutation with params: ('intermediate', '30-60', 81)
15-May-24 12:10:08 - Finished compute_power_permutation with params: ('low', '0-10', 5)
15-May-24 12:10:08 - Starting compute_power_permutation with params: ('low', '0-10', 9)
15-May-24 12:13:01 - Finished compute_power_permutation with params: ('low', '100+', 15)
15-May-24 12:13:01 - Starting compute_power_permutation with params: ('low', '100+', 27)
15-May-24 12:14:12 - Starting compute_power_permutation with params: ('low', '0-10', 46)
15-May-24 12:14:36 - Starting compute_power_permutation with params: ('low', '0-10', 142)
15-May-24 12:15:05 - Starting compute_power_permutation with params: ('low', '0-10', 432)
15-May-24 12:17:25 - Finished compute_power_permutation with params: ('low', '100+', 9)
15-May-24 12:17:25 - Starting compute_power_permutation with params: ('low', '0-10', 1315)
15-May-24 12:17:52 - Finished compute_power_permutation with params: ('intermediate', '70-100', 27)
15-May-24 12:17:52 - Starting compute_power_permutation with params: ('low', '0-10', 4009)
15-May-24 12:17:52 - Starting compute_power_permutation with params: ('low', '0-10', 7000)
15-May-24 12:17:52 - Starting compute_power_permutation with params: ('low', '10-30', 5)
15-May-24 12:17:56 - Finished compute_power_permutation with params: ('intermediate', '30-60', 27)
15-May-24 12:17:56 - Starting compute_power_permutation with params: ('low', '10-30', 15)
15-May-24 12:18:55 - Finished compute_power_permutation with params: ('intermediate', '70-100', 46)
15-May-24 12:18:55 - Starting compute_power_permutation with params: ('intermediate', '70-100', 81)
15-May-24 12:19:10 - Finished compute_power_permutation with params: ('low', '100+', 46)
15-May-24 12:19:10 - Starting compute_power_permutation with params: ('low', '100+', 81)
15-May-24 12:20:05 - Finished compute_power_permutation with params: ('low', '0-10', 15)
15-May-24 12:20:05 - Starting compute_power_permutation with params: ('low', '0-10', 27)
15-May-24 12:20:15 - Starting compute_power_permutation with params: ('low', '10-30', 46)
15-May-24 12:20:34 - Starting compute_power_permutation with params: ('low', '10-30', 142)
15-May-24 12:20:42 - Starting compute_power_permutation with params: ('low', '10-30', 432)
15-May-24 12:21:40 - Finished compute_power_permutation with params: ('low', '0-10', 9)
15-May-24 12:21:40 - Starting compute_power_permutation with params: ('low', '10-30', 1315)
15-May-24 12:22:27 - Finished compute_power_permutation with params: ('low', '10-30', 5)
15-May-24 12:22:27 - Starting compute_power_permutation with params: ('low', '10-30', 9)
15-May-24 12:24:10 - Finished compute_power_permutation with params: ('intermediate', '10-30', 81)
15-May-24 12:24:10 - Starting compute_power_permutation with params: ('low', '10-30', 4009)
15-May-24 12:24:28 - Finished compute_power_permutation with params: ('strong', '0-10', 81)
15-May-24 12:24:28 - Starting compute_power_permutation with params: ('low', '30-60', 5)
15-May-24 12:24:57 - Finished compute_power_permutation with params: ('intermediate', '0-10', 81)
15-May-24 12:24:57 - Starting compute_power_permutation with params: ('low', '30-60', 15)
15-May-24 12:25:08 - Finished compute_power_permutation with params: ('strong', '70-100', 81)
15-May-24 12:25:08 - Starting compute_power_permutation with params: ('low', '30-60', 46)
15-May-24 12:25:15 - Finished compute_power_permutation with params: ('strong', '30-60', 81)
15-May-24 12:25:15 - Starting compute_power_permutation with params: ('low', '30-60', 142)
15-May-24 12:25:29 - Finished compute_power_permutation with params: ('strong', '10-30', 81)
15-May-24 12:25:29 - Starting compute_power_permutation with params: ('low', '30-60', 432)
15-May-24 12:25:50 - Finished compute_power_permutation with params: ('intermediate', '100+', 81)
15-May-24 12:25:50 - Starting compute_power_permutation with params: ('low', '30-60', 1315)
15-May-24 12:25:53 - Finished compute_power_permutation with params: ('strong', '100+', 81)
15-May-24 12:25:53 - Starting compute_power_permutation with params: ('low', '30-60', 4009)
15-May-24 12:25:55 - Starting compute_power_permutation with params: ('low', '70-100', 5)
15-May-24 12:27:42 - Finished compute_power_permutation with params: ('low', '100+', 27)
15-May-24 12:27:42 - Starting compute_power_permutation with params: ('low', '70-100', 15)
15-May-24 12:29:31 - Finished compute_power_permutation with params: ('low', '30-60', 5)
15-May-24 12:29:31 - Starting compute_power_permutation with params: ('low', '30-60', 9)
15-May-24 12:30:33 - Finished compute_power_permutation with params: ('low', '10-30', 15)
15-May-24 12:30:33 - Starting compute_power_permutation with params: ('low', '10-30', 27)
15-May-24 12:30:53 - Finished compute_power_permutation with params: ('low', '70-100', 5)
15-May-24 12:30:53 - Starting compute_power_permutation with params: ('low', '70-100', 9)
15-May-24 12:33:01 - Finished compute_power_permutation with params: ('low', '0-10', 46)
15-May-24 12:33:01 - Starting compute_power_permutation with params: ('low', '0-10', 81)
15-May-24 12:34:11 - Finished compute_power_permutation with params: ('low', '0-10', 27)
15-May-24 12:34:11 - Starting compute_power_permutation with params: ('low', '70-100', 46)
15-May-24 12:34:13 - Finished compute_power_permutation with params: ('low', '10-30', 9)
15-May-24 12:34:13 - Starting compute_power_permutation with params: ('low', '70-100', 142)
15-May-24 12:37:11 - Finished compute_power_permutation with params: ('low', '30-60', 15)
15-May-24 12:37:11 - Starting compute_power_permutation with params: ('low', '30-60', 27)
15-May-24 12:39:37 - Finished compute_power_permutation with params: ('low', '10-30', 46)
15-May-24 12:39:37 - Starting compute_power_permutation with params: ('low', '10-30', 81)
15-May-24 12:40:08 - Finished compute_power_permutation with params: ('low', '70-100', 15)
15-May-24 12:40:08 - Starting compute_power_permutation with params: ('low', '70-100', 27)
15-May-24 12:41:09 - Finished compute_power_permutation with params: ('low', '30-60', 9)
15-May-24 12:41:09 - Starting compute_power_permutation with params: ('low', '70-100', 432)
15-May-24 12:41:21 - Finished compute_power_permutation with params: ('intermediate', '0-10', 142)
15-May-24 12:41:21 - Starting compute_power_permutation with params: ('intermediate', '0-10', 247)
15-May-24 12:41:59 - Finished compute_power_permutation with params: ('intermediate', '30-60', 81)
15-May-24 12:41:59 - Starting compute_power_permutation with params: ('low', '70-100', 1315)
15-May-24 12:42:29 - Finished compute_power_permutation with params: ('low', '70-100', 9)
15-May-24 12:42:29 - Starting compute_power_permutation with params: ('low', '70-100', 4009)
15-May-24 12:42:45 - Finished compute_power_permutation with params: ('strong', '0-10', 142)
15-May-24 12:42:45 - Starting compute_power_permutation with params: ('strong', '0-10', 247)
15-May-24 12:43:18 - Finished compute_power_permutation with params: ('strong', '70-100', 142)
15-May-24 12:43:18 - Starting compute_power_permutation with params: ('strong', '70-100', 247)
15-May-24 12:44:06 - Finished compute_power_permutation with params: ('low', '30-60', 46)
15-May-24 12:44:06 - Starting compute_power_permutation with params: ('low', '30-60', 81)
15-May-24 12:44:19 - Finished compute_power_permutation with params: ('strong', '30-60', 142)
15-May-24 12:44:19 - Starting compute_power_permutation with params: ('strong', '30-60', 247)
15-May-24 12:44:27 - Finished compute_power_permutation with params: ('strong', '100+', 142)
15-May-24 12:44:27 - Starting compute_power_permutation with params: ('strong', '100+', 247)
15-May-24 12:44:50 - Finished compute_power_permutation with params: ('strong', '10-30', 142)
15-May-24 12:44:50 - Starting compute_power_permutation with params: ('strong', '10-30', 247)
15-May-24 12:45:08 - Finished compute_power_permutation with params: ('low', '10-30', 27)
15-May-24 12:46:36 - Finished compute_power_permutation with params: ('intermediate', '100+', 142)
15-May-24 12:46:36 - Starting compute_power_permutation with params: ('intermediate', '100+', 247)
15-May-24 12:51:04 - Finished compute_power_permutation with params: ('low', '30-60', 27)
15-May-24 12:52:16 - Finished compute_power_permutation with params: ('intermediate', '70-100', 81)
15-May-24 12:52:43 - Finished compute_power_permutation with params: ('low', '100+', 81)
15-May-24 12:53:12 - Finished compute_power_permutation with params: ('low', '70-100', 46)
15-May-24 12:53:12 - Starting compute_power_permutation with params: ('low', '70-100', 81)
15-May-24 12:54:00 - Finished compute_power_permutation with params: ('low', '70-100', 27)
15-May-24 13:00:09 - Finished compute_power_permutation with params: ('intermediate', '10-30', 142)
15-May-24 13:00:09 - Starting compute_power_permutation with params: ('intermediate', '10-30', 247)
15-May-24 13:01:02 - Finished compute_power_permutation with params: ('intermediate', '30-60', 142)
15-May-24 13:01:02 - Starting compute_power_permutation with params: ('intermediate', '30-60', 247)
15-May-24 13:03:30 - Finished compute_power_permutation with params: ('low', '0-10', 81)
15-May-24 13:08:53 - Finished compute_power_permutation with params: ('intermediate', '70-100', 142)
15-May-24 13:08:53 - Starting compute_power_permutation with params: ('intermediate', '70-100', 247)
15-May-24 13:09:21 - Finished compute_power_permutation with params: ('low', '10-30', 81)
15-May-24 13:09:33 - Finished compute_power_permutation with params: ('low', '100+', 142)
15-May-24 13:09:33 - Starting compute_power_permutation with params: ('low', '100+', 247)
15-May-24 13:12:54 - Finished compute_power_permutation with params: ('low', '30-60', 81)
15-May-24 13:18:35 - Finished compute_power_permutation with params: ('low', '0-10', 142)
15-May-24 13:18:35 - Starting compute_power_permutation with params: ('low', '0-10', 247)
15-May-24 13:21:27 - Finished compute_power_permutation with params: ('low', '70-100', 81)
15-May-24 13:23:10 - Finished compute_power_permutation with params: ('low', '10-30', 142)
15-May-24 13:23:10 - Starting compute_power_permutation with params: ('low', '10-30', 247)
15-May-24 13:28:01 - Finished compute_power_permutation with params: ('low', '30-60', 142)
15-May-24 13:28:01 - Starting compute_power_permutation with params: ('low', '30-60', 247)
15-May-24 13:31:36 - Finished compute_power_permutation with params: ('low', '70-100', 142)
15-May-24 13:31:36 - Starting compute_power_permutation with params: ('low', '70-100', 247)
15-May-24 15:03:51 - Finished compute_power_permutation with params: ('strong', '70-100', 247)
15-May-24 15:08:12 - Finished compute_power_permutation with params: ('strong', '30-60', 247)
15-May-24 15:11:12 - Finished compute_power_permutation with params: ('intermediate', '0-10', 247)
15-May-24 15:11:13 - Finished compute_power_permutation with params: ('strong', '0-10', 247)
15-May-24 15:12:23 - Finished compute_power_permutation with params: ('strong', '100+', 247)
15-May-24 15:14:30 - Finished compute_power_permutation with params: ('strong', '10-30', 247)
15-May-24 15:17:42 - Finished compute_power_permutation with params: ('intermediate', '30-60', 247)
15-May-24 15:18:06 - Finished compute_power_permutation with params: ('intermediate', '100+', 247)
15-May-24 15:18:32 - Finished compute_power_permutation with params: ('intermediate', '10-30', 247)
15-May-24 15:27:38 - Finished compute_power_permutation with params: ('intermediate', '70-100', 247)
15-May-24 15:29:55 - Finished compute_power_permutation with params: ('low', '10-30', 247)
15-May-24 15:30:47 - Finished compute_power_permutation with params: ('low', '0-10', 247)
15-May-24 15:33:10 - Finished compute_power_permutation with params: ('low', '100+', 247)
15-May-24 15:39:27 - Finished compute_power_permutation with params: ('low', '30-60', 247)
15-May-24 15:44:00 - Finished compute_power_permutation with params: ('low', '70-100', 247)
15-May-24 17:40:15 - Finished compute_power_permutation with params: ('strong', '100+', 432)
15-May-24 17:40:15 - Starting compute_power_permutation with params: ('strong', '100+', 753)
15-May-24 17:41:30 - Finished compute_power_permutation with params: ('strong', '0-10', 432)
15-May-24 17:41:30 - Starting compute_power_permutation with params: ('strong', '0-10', 753)
15-May-24 17:42:08 - Finished compute_power_permutation with params: ('strong', '10-30', 432)
15-May-24 17:42:08 - Starting compute_power_permutation with params: ('strong', '10-30', 753)
15-May-24 17:45:22 - Finished compute_power_permutation with params: ('strong', '70-100', 432)
15-May-24 17:45:22 - Starting compute_power_permutation with params: ('strong', '70-100', 753)
15-May-24 17:46:03 - Finished compute_power_permutation with params: ('strong', '30-60', 432)
15-May-24 17:46:03 - Starting compute_power_permutation with params: ('strong', '30-60', 753)
15-May-24 17:46:14 - Finished compute_power_permutation with params: ('intermediate', '100+', 432)
15-May-24 17:46:14 - Starting compute_power_permutation with params: ('intermediate', '100+', 753)
15-May-24 17:50:55 - Finished compute_power_permutation with params: ('intermediate', '0-10', 432)
15-May-24 17:50:55 - Starting compute_power_permutation with params: ('intermediate', '0-10', 753)
15-May-24 17:53:36 - Finished compute_power_permutation with params: ('intermediate', '10-30', 432)
15-May-24 17:53:36 - Starting compute_power_permutation with params: ('intermediate', '10-30', 753)
15-May-24 17:56:23 - Finished compute_power_permutation with params: ('intermediate', '30-60', 432)
15-May-24 17:56:24 - Starting compute_power_permutation with params: ('intermediate', '30-60', 753)
15-May-24 17:59:16 - Finished compute_power_permutation with params: ('low', '100+', 432)
15-May-24 17:59:16 - Starting compute_power_permutation with params: ('low', '100+', 753)
15-May-24 17:59:21 - Finished compute_power_permutation with params: ('intermediate', '70-100', 432)
15-May-24 17:59:21 - Starting compute_power_permutation with params: ('intermediate', '70-100', 753)
15-May-24 18:09:08 - Finished compute_power_permutation with params: ('low', '10-30', 432)
15-May-24 18:09:09 - Starting compute_power_permutation with params: ('low', '10-30', 753)
15-May-24 18:12:16 - Finished compute_power_permutation with params: ('low', '30-60', 432)
15-May-24 18:12:16 - Starting compute_power_permutation with params: ('low', '30-60', 753)
15-May-24 18:17:04 - Finished compute_power_permutation with params: ('low', '0-10', 432)
15-May-24 18:17:04 - Starting compute_power_permutation with params: ('low', '0-10', 753)
15-May-24 18:26:25 - Finished compute_power_permutation with params: ('low', '70-100', 432)
15-May-24 18:26:25 - Starting compute_power_permutation with params: ('low', '70-100', 753)
16-May-24 10:21:54 - Finished compute_power_permutation with params: ('strong', '0-10', 753)
16-May-24 10:25:21 - Finished compute_power_permutation with params: ('intermediate', '100+', 753)
16-May-24 10:25:48 - Finished compute_power_permutation with params: ('strong', '10-30', 753)
16-May-24 10:28:28 - Finished compute_power_permutation with params: ('intermediate', '0-10', 753)
16-May-24 10:30:46 - Finished compute_power_permutation with params: ('strong', '30-60', 753)
16-May-24 10:31:34 - Finished compute_power_permutation with params: ('strong', '70-100', 753)
16-May-24 10:33:05 - Finished compute_power_permutation with params: ('strong', '100+', 753)
16-May-24 10:35:34 - Finished compute_power_permutation with params: ('intermediate', '10-30', 753)
16-May-24 10:41:10 - Finished compute_power_permutation with params: ('low', '100+', 753)
16-May-24 10:44:50 - Finished compute_power_permutation with params: ('intermediate', '30-60', 753)
16-May-24 10:49:58 - Finished compute_power_permutation with params: ('intermediate', '70-100', 753)
16-May-24 10:56:33 - Finished compute_power_permutation with params: ('low', '30-60', 753)
16-May-24 10:57:09 - Finished compute_power_permutation with params: ('low', '0-10', 753)
16-May-24 11:04:21 - Finished compute_power_permutation with params: ('low', '70-100', 753)
16-May-24 15:42:43 - Starting compute_power_permutation with params: ('low', '10-30', 753)
16-May-24 16:13:37 - Starting compute_power_permutation with params: ('low', '10-30', 753)
16-May-24 16:51:51 - Starting compute_power_permutation with params: ('low', '10-30', 753)
17-May-24 11:21:21 - Starting compute_power_permutation with params: ('low', '10-30', 753)
17-May-24 16:22:01 - Starting compute_power_permutation with params: ('low', '10-30', 753)
17-May-24 16:29:09 - Loading adata
17-May-24 16:29:26 - Starting compute_power_permutation with params: ('low', '10-30', 753)
d26-May-24 23:07:01 - Loaded the dataset
26-May-24 23:07:01 - Starting each param combination...
26-May-24 23:07:01 - Starting compute_power_permutation with params: ('strong', '100+', 5)
26-May-24 23:08:45 - Loaded the dataset
26-May-24 23:08:45 - Starting each param combination...
26-May-24 23:08:45 - Starting compute_power_permutation with params: ('strong', '100+', 5)
27-May-24 02:01:04 - Finished compute_power_permutation with params: ('strong', '100+', 5)
27-May-24 02:01:04 - Starting compute_power_permutation with params: ('strong', '100+', 9)
27-May-24 02:51:59 - Finished compute_power_permutation with params: ('strong', '100+', 9)
27-May-24 02:51:59 - Starting compute_power_permutation with params: ('strong', '100+', 15)
27-May-24 03:42:40 - Finished compute_power_permutation with params: ('strong', '100+', 15)
27-May-24 03:42:40 - Starting compute_power_permutation with params: ('strong', '100+', 27)
27-May-24 04:33:23 - Finished compute_power_permutation with params: ('strong', '100+', 27)
27-May-24 04:33:23 - Starting compute_power_permutation with params: ('strong', '100+', 46)
27-May-24 05:24:06 - Finished compute_power_permutation with params: ('strong', '100+', 46)
27-May-24 05:24:06 - Starting compute_power_permutation with params: ('strong', '100+', 81)
27-May-24 06:15:37 - Finished compute_power_permutation with params: ('strong', '100+', 81)
27-May-24 06:15:37 - Starting compute_power_permutation with params: ('strong', '100+', 142)
27-May-24 07:07:11 - Finished compute_power_permutation with params: ('strong', '100+', 142)
27-May-24 07:07:11 - Starting compute_power_permutation with params: ('strong', '100+', 247)
27-May-24 07:58:45 - Finished compute_power_permutation with params: ('strong', '100+', 247)
27-May-24 07:58:45 - Starting compute_power_permutation with params: ('strong', '100+', 432)
27-May-24 08:50:24 - Finished compute_power_permutation with params: ('strong', '100+', 432)
27-May-24 08:50:24 - Starting compute_power_permutation with params: ('strong', '100+', 753)
31-Jul-24 21:49:06 - Loaded the dataset
31-Jul-24 21:49:06 - Starting each param combination...
31-Jul-24 21:49:06 - Starting compute_power_latent_space with params: ('strong', '100+', 5)
31-Jul-24 22:00:57 - Loaded the dataset
31-Jul-24 22:00:57 - Starting each param combination...
31-Jul-24 22:00:57 - Starting compute_power_latent_space with params: ('strong', '100+', 5)
01-Aug-24 12:19:28 - Loaded the dataset
01-Aug-24 12:19:28 - Starting each param combination...
01-Aug-24 12:19:28 - Starting compute_power_latent_space with params: ('strong', '100+', 5)
01-Aug-24 12:41:36 - Loaded the dataset
01-Aug-24 12:41:36 - Starting each param combination...
01-Aug-24 12:41:36 - Starting compute_power_latent_space with params: ('strong', '100+', 5)
01-Aug-24 12:46:23 - Loaded the dataset
01-Aug-24 12:46:23 - Starting each param combination...
01-Aug-24 12:46:23 - Starting compute_power_latent_space with params: ('strong', '100+', 5)
01-Aug-24 13:04:23 - Loaded the dataset
01-Aug-24 13:04:23 - Starting each param combination...
01-Aug-24 13:04:23 - Starting compute_power_latent_space with params: ('strong', '100+', 5)
01-Aug-24 13:13:27 - Loaded the dataset
01-Aug-24 13:13:27 - Starting each param combination...
01-Aug-24 13:13:27 - Starting compute_power_latent_space with params: ('strong', '100+', 5)
01-Aug-24 13:13:37 - start permutations: %s
01-Aug-24 13:13:43 - start permutations: %s
01-Aug-24 13:13:50 - start permutations: %s
01-Aug-24 13:13:56 - start permutations: %s
01-Aug-24 13:14:03 - start permutations: %s
01-Aug-24 13:14:09 - start permutations: %s
01-Aug-24 13:14:15 - start permutations: %s
01-Aug-24 13:14:22 - start permutations: %s
01-Aug-24 13:14:28 - start permutations: %s
01-Aug-24 13:14:34 - start permutations: %s
01-Aug-24 13:14:41 - start permutations: %s
01-Aug-24 13:14:47 - start permutations: %s
01-Aug-24 13:14:54 - start permutations: %s
01-Aug-24 13:15:00 - start permutations: %s
01-Aug-24 13:15:07 - start permutations: %s
01-Aug-24 13:15:13 - start permutations: %s
01-Aug-24 13:15:20 - start permutations: %s
01-Aug-24 13:15:26 - start permutations: %s
01-Aug-24 13:15:32 - start permutations: %s
01-Aug-24 13:15:39 - start permutations: %s
01-Aug-24 13:15:45 - start permutations: %s
01-Aug-24 13:15:52 - start permutations: %s
01-Aug-24 13:15:58 - start permutations: %s
01-Aug-24 13:16:05 - start permutations: %s
01-Aug-24 13:16:14 - start permutations: %s
01-Aug-24 13:16:24 - start permutations: %s
01-Aug-24 13:16:29 - start permutations: %s
01-Aug-24 13:16:35 - start permutations: %s
01-Aug-24 13:16:42 - start permutations: %s
01-Aug-24 13:16:49 - start permutations: %s
01-Aug-24 13:16:56 - start permutations: %s
01-Aug-24 13:17:02 - start permutations: %s
01-Aug-24 13:17:09 - start permutations: %s
01-Aug-24 13:17:16 - start permutations: %s
01-Aug-24 13:17:22 - start permutations: %s
01-Aug-24 13:17:29 - start permutations: %s
01-Aug-24 13:17:35 - start permutations: %s
01-Aug-24 13:17:41 - start permutations: %s
01-Aug-24 13:17:48 - start permutations: %s
01-Aug-24 13:17:55 - start permutations: %s
01-Aug-24 13:18:01 - start permutations: %s
01-Aug-24 13:18:08 - start permutations: %s
01-Aug-24 13:18:14 - start permutations: %s
01-Aug-24 13:18:21 - start permutations: %s
01-Aug-24 13:18:28 - start permutations: %s
01-Aug-24 13:18:43 - start permutations: %s
01-Aug-24 13:18:49 - start permutations: %s
01-Aug-24 13:18:56 - start permutations: %s
01-Aug-24 13:19:03 - start permutations: %s
01-Aug-24 13:19:10 - start permutations: %s
01-Aug-24 13:19:16 - start permutations: %s
01-Aug-24 13:19:23 - start permutations: %s
01-Aug-24 13:19:30 - start permutations: %s
01-Aug-24 13:19:36 - start permutations: %s
01-Aug-24 13:19:42 - start permutations: %s
01-Aug-24 13:21:51 - Loaded the dataset
01-Aug-24 13:21:51 - Starting each param combination...
01-Aug-24 13:21:51 - Starting compute_power_latent_space with params: ('strong', '100+', 5)
01-Aug-24 13:25:39 - Loaded the dataset
01-Aug-24 13:25:39 - Starting each param combination...
01-Aug-24 13:25:39 - Starting compute_power_latent_space with params: ('strong', '100+', 5)
01-Aug-24 13:45:17 - Loaded the dataset
01-Aug-24 13:45:17 - Starting each param combination...
01-Aug-24 13:45:17 - Starting compute_power_latent_space with params: ('strong', '100+', 5)
02-Aug-24 16:14:58 - Loaded the dataset
02-Aug-24 16:14:58 - Starting each param combination...
02-Aug-24 16:14:58 - Starting compute_power_latent_space with params: ('strong', '100+', 5)
02-Aug-24 16:18:01 - Loaded the dataset
02-Aug-24 16:18:01 - Starting each param combination...
02-Aug-24 16:18:01 - Starting compute_power_latent_space with params: ('strong', '100+', 5)
02-Aug-24 16:21:46 - Loaded the dataset
02-Aug-24 16:21:46 - Starting each param combination...
02-Aug-24 16:21:46 - Starting compute_power_latent_space with params: ('strong', '100+', 5)
02-Aug-24 19:14:42 - Loaded the dataset
02-Aug-24 19:14:42 - Starting each param combination...
02-Aug-24 19:14:42 - Starting compute_power_latent_space with params: ('strong', '100+', 5)
02-Aug-24 21:04:53 - Finished compute_power_permutation with params: ('strong', '100+', 5)
02-Aug-24 21:04:53 - Starting compute_power_latent_space with params: ('strong', '100+', 9)
02-Aug-24 22:55:34 - Finished compute_power_permutation with params: ('strong', '100+', 9)
02-Aug-24 22:55:34 - Starting compute_power_latent_space with params: ('strong', '100+', 15)
03-Aug-24 00:48:26 - Finished compute_power_permutation with params: ('strong', '100+', 15)
03-Aug-24 00:48:26 - Starting compute_power_latent_space with params: ('strong', '100+', 27)
03-Aug-24 02:44:16 - Finished compute_power_permutation with params: ('strong', '100+', 27)
03-Aug-24 02:44:16 - Starting compute_power_latent_space with params: ('strong', '100+', 46)
03-Aug-24 04:40:29 - Finished compute_power_permutation with params: ('strong', '100+', 46)
03-Aug-24 04:40:29 - Starting compute_power_latent_space with params: ('strong', '100+', 81)
03-Aug-24 06:37:32 - Finished compute_power_permutation with params: ('strong', '100+', 81)
03-Aug-24 06:37:32 - Starting compute_power_latent_space with params: ('strong', '100+', 142)
03-Aug-24 08:35:14 - Finished compute_power_permutation with params: ('strong', '100+', 142)
03-Aug-24 08:35:14 - Starting compute_power_latent_space with params: ('strong', '100+', 247)
03-Aug-24 10:37:22 - Finished compute_power_permutation with params: ('strong', '100+', 247)
03-Aug-24 10:37:22 - Starting compute_power_latent_space with params: ('strong', '100+', 432)
03-Aug-24 13:16:37 - Finished compute_power_permutation with params: ('strong', '100+', 432)
03-Aug-24 13:16:37 - Starting compute_power_latent_space with params: ('strong', '100+', 753)
04-Aug-24 11:20:03 - Finished compute_power_permutation with params: ('strong', '100+', 753)
04-Aug-24 11:20:03 - Starting compute_power_latent_space with params: ('strong', '100+', 1315)
04-Aug-24 19:50:35 - Loaded the dataset
04-Aug-24 19:50:35 - Starting each param combination...
04-Aug-24 19:50:35 - Starting compute_power_latent_space with params: ('intermediate', '100+', 5)
04-Aug-24 21:40:59 - Finished compute_power_permutation with params: ('intermediate', '100+', 5)
04-Aug-24 21:40:59 - Starting compute_power_latent_space with params: ('intermediate', '100+', 9)
04-Aug-24 23:32:52 - Finished compute_power_permutation with params: ('intermediate', '100+', 9)
04-Aug-24 23:32:52 - Starting compute_power_latent_space with params: ('intermediate', '100+', 15)
05-Aug-24 01:26:01 - Finished compute_power_permutation with params: ('intermediate', '100+', 15)
05-Aug-24 01:26:01 - Starting compute_power_latent_space with params: ('intermediate', '100+', 27)
05-Aug-24 03:21:22 - Finished compute_power_permutation with params: ('intermediate', '100+', 27)
05-Aug-24 03:21:22 - Starting compute_power_latent_space with params: ('intermediate', '100+', 46)
05-Aug-24 05:18:08 - Finished compute_power_permutation with params: ('intermediate', '100+', 46)
05-Aug-24 05:18:08 - Starting compute_power_latent_space with params: ('intermediate', '100+', 81)
05-Aug-24 07:15:18 - Finished compute_power_permutation with params: ('intermediate', '100+', 81)
05-Aug-24 07:15:18 - Starting compute_power_latent_space with params: ('intermediate', '100+', 142)
05-Aug-24 09:13:21 - Finished compute_power_permutation with params: ('intermediate', '100+', 142)
05-Aug-24 09:13:21 - Starting compute_power_latent_space with params: ('intermediate', '100+', 247)
05-Aug-24 22:27:14 - Loaded the dataset
05-Aug-24 22:27:14 - Starting each param combination...
05-Aug-24 22:27:14 - Starting compute_power_latent_space with params: ('intermediate', '100+', 247)
06-Aug-24 00:29:29 - Finished compute_power_permutation with params: ('intermediate', '100+', 247)
06-Aug-24 00:29:29 - Starting compute_power_latent_space with params: ('intermediate', '100+', 432)
06-Aug-24 03:11:04 - Finished compute_power_permutation with params: ('intermediate', '100+', 432)
06-Aug-24 03:11:04 - Starting compute_power_latent_space with params: ('intermediate', '100+', 753)
07-Aug-24 01:16:50 - Finished compute_power_permutation with params: ('intermediate', '100+', 753)
07-Aug-24 01:16:50 - Starting compute_power_latent_space with params: ('intermediate', '0-10', 5)
08-Aug-24 11:23:08 - Loaded the dataset
08-Aug-24 11:24:32 - Loaded the dataset
08-Aug-24 11:24:32 - Starting each param combination...
08-Aug-24 11:24:32 - Starting compute_power_latent_space with params: ('strong', '0-10', 5)
